[debug] [2021-06-17T07:36:34.435Z] ----------------------------------------------------------------------
[debug] [2021-06-17T07:36:34.436Z] Command:       C:\Program Files\nodejs\node.exe C:\Users\Ryan\AppData\Roaming\npm\node_modules\firebase-tools\lib\bin\firebase.js emulators:start
[debug] [2021-06-17T07:36:34.436Z] CLI Version:   9.13.0
[debug] [2021-06-17T07:36:34.436Z] Platform:      win32
[debug] [2021-06-17T07:36:34.437Z] Node Version:  v14.17.0
[debug] [2021-06-17T07:36:34.437Z] Time:          Thu Jun 17 2021 15:36:34 GMT+0800 (Singapore Standard Time)
[debug] [2021-06-17T07:36:34.437Z] ----------------------------------------------------------------------
[debug] 
[debug] [2021-06-17T07:36:34.445Z] > command requires scopes: ["email","openid","https://www.googleapis.com/auth/cloudplatformprojects.readonly","https://www.googleapis.com/auth/firebase","https://www.googleapis.com/auth/cloud-platform"]
[debug] [2021-06-17T07:36:34.445Z] > authorizing via signed-in user (ryantian64@gmail.com)
[info] i  emulators: Starting emulators: functions, firestore {"metadata":{"emulator":{"name":"hub"},"message":"Starting emulators: functions, firestore"}}
[debug] [2021-06-17T07:36:34.459Z] [hub] writing locator at C:\Users\Ryan\AppData\Local\Temp\hub-p-ng-b2da6.json
[warn] !  functions: The following emulators are not running, calls to these services from the Functions emulator will affect production: auth, database, hosting, pubsub, storage {"metadata":{"emulator":{"name":"functions"},"message":"The following emulators are not running, calls to these services from the Functions emulator will affect production: \u001b[1mauth, database, hosting, pubsub, storage\u001b[22m"}}
[info] +  functions: Using node@14 from host. {"metadata":{"emulator":{"name":"functions"},"message":"Using node@14 from host."}}
[debug] [2021-06-17T07:36:34.478Z] defaultcredentials: writing to file C:\Users\Ryan\AppData\Roaming\firebase\ryantian64_gmail_com_application_default_credentials.json
[debug] [2021-06-17T07:36:34.480Z] Setting GAC to C:\Users\Ryan\AppData\Roaming\firebase\ryantian64_gmail_com_application_default_credentials.json {"metadata":{"emulator":{"name":"functions"},"message":"Setting GAC to C:\\Users\\Ryan\\AppData\\Roaming\\firebase\\ryantian64_gmail_com_application_default_credentials.json"}}
[debug] [2021-06-17T07:36:34.481Z] > refreshing access token with scopes: []
[debug] [2021-06-17T07:36:34.481Z] >>> HTTP REQUEST POST https://www.googleapis.com/oauth2/v3/token  
 <request body omitted>
[debug] [2021-06-17T07:36:34.837Z] <<< HTTP RESPONSE 200 {"pragma":"no-cache","cache-control":"no-cache, no-store, max-age=0, must-revalidate","date":"Thu, 17 Jun 2021 07:36:36 GMT","expires":"Mon, 01 Jan 1990 00:00:00 GMT","content-type":"application/json; charset=utf-8","vary":"X-Origin, Referer, Origin,Accept-Encoding","server":"scaffolding on HTTPServer2","x-xss-protection":"0","x-frame-options":"SAMEORIGIN","x-content-type-options":"nosniff","alt-svc":"h3=\":443\"; ma=2592000,h3-29=\":443\"; ma=2592000,h3-T051=\":443\"; ma=2592000,h3-Q050=\":443\"; ma=2592000,h3-Q046=\":443\"; ma=2592000,h3-Q043=\":443\"; ma=2592000,quic=\":443\"; ma=2592000; v=\"46,43\"","accept-ranges":"none","transfer-encoding":"chunked"}
[debug] [2021-06-17T07:36:34.855Z] >>> [apiv2][query] GET https://firebase.googleapis.com/v1beta1/projects/p-ng-b2da6/adminSdkConfig [none]
[debug] [2021-06-17T07:36:35.376Z] <<< [apiv2][status] GET https://firebase.googleapis.com/v1beta1/projects/p-ng-b2da6/adminSdkConfig 200
[debug] [2021-06-17T07:36:35.376Z] <<< [apiv2][body] GET https://firebase.googleapis.com/v1beta1/projects/p-ng-b2da6/adminSdkConfig {"projectId":"p-ng-b2da6","databaseURL":"https://p-ng-b2da6-default-rtdb.asia-southeast1.firebasedatabase.app","storageBucket":"p-ng-b2da6.appspot.com","locationId":"asia-southeast2"}
[info] i  firestore: downloading cloud-firestore-emulator-v1.12.0.jar... {"metadata":{"emulator":{"name":"firestore"},"message":"downloading cloud-firestore-emulator-v1.12.0.jar..."}}
[debug] [2021-06-17T07:36:35.418Z] >>> [apiv2][query] GET https://storage.googleapis.com/firebase-preview-drop/emulator/cloud-firestore-emulator-v1.12.0.jar 
[debug] [2021-06-17T07:36:35.957Z] <<< [apiv2][status] GET https://storage.googleapis.com/firebase-preview-drop/emulator/cloud-firestore-emulator-v1.12.0.jar 200
[debug] [2021-06-17T07:36:35.957Z] <<< [apiv2][body] GET https://storage.googleapis.com/firebase-preview-drop/emulator/cloud-firestore-emulator-v1.12.0.jar [stream]
[debug] [2021-06-17T07:36:43.003Z] Ignoring unsupported arg: projectId {"metadata":{"emulator":{"name":"firestore"},"message":"Ignoring unsupported arg: projectId"}}
[debug] [2021-06-17T07:36:43.005Z] Ignoring unsupported arg: auto_download {"metadata":{"emulator":{"name":"firestore"},"message":"Ignoring unsupported arg: auto_download"}}
[debug] [2021-06-17T07:36:43.005Z] Starting Firestore Emulator with command {"binary":"java","args":["-Dgoogle.cloud_firestore.debug_log_level=FINE","-Duser.language=en","-jar","C:\\Users\\Ryan\\.cache\\firebase\\emulators\\cloud-firestore-emulator-v1.12.0.jar","--host","localhost","--port",8080,"--rules","C:\\Users\\Ryan\\Desktop\\Work\\Code\\React\\ping\\firestore.rules","--functions_emulator","localhost:5001"],"optionalArgs":["port","webchannel_port","host","rules","functions_emulator","seed_from_export"],"joinArgs":false} {"metadata":{"emulator":{"name":"firestore"},"message":"Starting Firestore Emulator with command {\"binary\":\"java\",\"args\":[\"-Dgoogle.cloud_firestore.debug_log_level=FINE\",\"-Duser.language=en\",\"-jar\",\"C:\\\\Users\\\\Ryan\\\\.cache\\\\firebase\\\\emulators\\\\cloud-firestore-emulator-v1.12.0.jar\",\"--host\",\"localhost\",\"--port\",8080,\"--rules\",\"C:\\\\Users\\\\Ryan\\\\Desktop\\\\Work\\\\Code\\\\React\\\\ping\\\\firestore.rules\",\"--functions_emulator\",\"localhost:5001\"],\"optionalArgs\":[\"port\",\"webchannel_port\",\"host\",\"rules\",\"functions_emulator\",\"seed_from_export\"],\"joinArgs\":false}"}}
[info] i  firestore: Firestore Emulator logging to firestore-debug.log {"metadata":{"emulator":{"name":"firestore"},"message":"Firestore Emulator logging to \u001b[1mfirestore-debug.log\u001b[22m"}}
[debug] [2021-06-17T07:36:44.017Z] Jun 17, 2021 3:36:43 PM com.google.cloud.datastore.emulator.firestore.websocket.WebSocketServer start
INFO: Started WebSocket server on ws://localhost:55348
 {"metadata":{"emulator":{"name":"firestore"},"message":"Jun 17, 2021 3:36:43 PM com.google.cloud.datastore.emulator.firestore.websocket.WebSocketServer start\r\nINFO: Started WebSocket server on ws://localhost:55348\r\n"}}
[debug] [2021-06-17T07:36:44.037Z] API endpoint: http://localhost:8080
 {"metadata":{"emulator":{"name":"firestore"},"message":"API endpoint: http://localhost:8080\n"}}
[debug] [2021-06-17T07:36:44.037Z] If you are using a library that supports the FIRESTORE_EMULATOR_HOST environment variable, run:

   export FIRESTORE_EMULATOR_HOST=localhost:8080

Dev App Server is now running.

 {"metadata":{"emulator":{"name":"firestore"},"message":"If you are using a library that supports the FIRESTORE_EMULATOR_HOST environment variable, run:\r\n\n   export FIRESTORE_EMULATOR_HOST=localhost:8080\n\nDev App Server is now running.\n\r\n"}}
[debug] [2021-06-17T07:36:44.063Z] Ignoring unsupported arg: auto_download {"metadata":{"emulator":{"name":"ui"},"message":"Ignoring unsupported arg: auto_download"}}
[debug] [2021-06-17T07:36:44.063Z] Ignoring unsupported arg: port {"metadata":{"emulator":{"name":"ui"},"message":"Ignoring unsupported arg: port"}}
[debug] [2021-06-17T07:36:44.063Z] Starting Emulator UI with command {"binary":"node","args":["C:\\Users\\Ryan\\.cache\\firebase\\emulators\\ui-v1.5.0\\server.bundle.js"],"optionalArgs":[],"joinArgs":false} {"metadata":{"emulator":{"name":"ui"},"message":"Starting Emulator UI with command {\"binary\":\"node\",\"args\":[\"C:\\\\Users\\\\Ryan\\\\.cache\\\\firebase\\\\emulators\\\\ui-v1.5.0\\\\server.bundle.js\"],\"optionalArgs\":[],\"joinArgs\":false}"}}
[info] i  ui: Emulator UI logging to ui-debug.log {"metadata":{"emulator":{"name":"ui"},"message":"Emulator UI logging to \u001b[1mui-debug.log\u001b[22m"}}
[debug] [2021-06-17T07:36:44.142Z] Web / API server started at http://localhost:4000
 {"metadata":{"emulator":{"name":"ui"},"message":"Web / API server started at http://localhost:4000\n"}}
[info] i  functions: Watching "C:\Users\Ryan\Desktop\Work\Code\React\ping\functions" for Cloud Functions... {"metadata":{"emulator":{"name":"functions"},"message":"Watching \"C:\\Users\\Ryan\\Desktop\\Work\\Code\\React\\ping\\functions\" for Cloud Functions..."}}
[debug] [2021-06-17T07:36:44.362Z] [worker-pool] addWorker(~diagnostic~) {"metadata":{"emulator":{"name":"functions"},"message":"[worker-pool] addWorker(~diagnostic~)"}}
[debug] [2021-06-17T07:36:44.362Z] [worker-pool] Adding worker with key ~diagnostic~, total=1 {"metadata":{"emulator":{"name":"functions"},"message":"[worker-pool] Adding worker with key ~diagnostic~, total=1"}}
[debug] [2021-06-17T07:36:44.362Z] [worker-pool] submitWork(triggerId=) {"metadata":{"emulator":{"name":"functions"},"message":"[worker-pool] submitWork(triggerId=)"}}
[debug] [2021-06-17T07:36:44.363Z] [worker-~diagnostic~-f3c2c02e-8987-413d-831e-4e86ffb1c9b2]: Assigning socketPath: \\?\pipe\C:\Users\Ryan\Desktop\Work\Code\React\ping\functions\12664 {"metadata":{"emulator":{"name":"functions"},"message":"[worker-~diagnostic~-f3c2c02e-8987-413d-831e-4e86ffb1c9b2]: Assigning socketPath: \\\\?\\pipe\\C:\\Users\\Ryan\\Desktop\\Work\\Code\\React\\ping\\functions\\12664"}}
[debug] [2021-06-17T07:36:44.363Z] [worker-~diagnostic~-f3c2c02e-8987-413d-831e-4e86ffb1c9b2]: BUSY {"metadata":{"emulator":{"name":"functions"},"message":"[worker-~diagnostic~-f3c2c02e-8987-413d-831e-4e86ffb1c9b2]: BUSY"}}
[debug] [2021-06-17T07:36:44.519Z] [runtime-status] [12664] Functions runtime initialized. {"cwd":"C:\\Users\\Ryan\\Desktop\\Work\\Code\\React\\ping\\functions","node_version":"14.17.0"} {"metadata":{"emulator":{"name":"functions"},"message":"[runtime-status] [12664] Functions runtime initialized. {\"cwd\":\"C:\\\\Users\\\\Ryan\\\\Desktop\\\\Work\\\\Code\\\\React\\\\ping\\\\functions\",\"node_version\":\"14.17.0\"}"}}
[debug] [2021-06-17T07:36:44.520Z] [runtime-status] [12664] Disabled runtime features: undefined {"metadata":{"emulator":{"name":"functions"},"message":"[runtime-status] [12664] Disabled runtime features: undefined"}}
[debug] [2021-06-17T07:36:44.522Z] [runtime-status] [12664] Resolved module firebase-admin {"declared":true,"installed":true,"version":"9.9.0","resolution":"C:\\Users\\Ryan\\Desktop\\Work\\Code\\React\\ping\\functions\\node_modules\\firebase-admin\\lib\\index.js"} {"metadata":{"emulator":{"name":"functions"},"message":"[runtime-status] [12664] Resolved module firebase-admin {\"declared\":true,\"installed\":true,\"version\":\"9.9.0\",\"resolution\":\"C:\\\\Users\\\\Ryan\\\\Desktop\\\\Work\\\\Code\\\\React\\\\ping\\\\functions\\\\node_modules\\\\firebase-admin\\\\lib\\\\index.js\"}"}}
[debug] [2021-06-17T07:36:44.523Z] [runtime-status] [12664] Resolved module firebase-functions {"declared":true,"installed":true,"version":"3.14.1","resolution":"C:\\Users\\Ryan\\Desktop\\Work\\Code\\React\\ping\\functions\\node_modules\\firebase-functions\\lib\\index.js"} {"metadata":{"emulator":{"name":"functions"},"message":"[runtime-status] [12664] Resolved module firebase-functions {\"declared\":true,\"installed\":true,\"version\":\"3.14.1\",\"resolution\":\"C:\\\\Users\\\\Ryan\\\\Desktop\\\\Work\\\\Code\\\\React\\\\ping\\\\functions\\\\node_modules\\\\firebase-functions\\\\lib\\\\index.js\"}"}}
[debug] [2021-06-17T07:36:44.524Z] [runtime-status] [12664] Resolved module firebase-functions {"declared":true,"installed":true,"version":"3.14.1","resolution":"C:\\Users\\Ryan\\Desktop\\Work\\Code\\React\\ping\\functions\\node_modules\\firebase-functions\\lib\\index.js"} {"metadata":{"emulator":{"name":"functions"},"message":"[runtime-status] [12664] Resolved module firebase-functions {\"declared\":true,\"installed\":true,\"version\":\"3.14.1\",\"resolution\":\"C:\\\\Users\\\\Ryan\\\\Desktop\\\\Work\\\\Code\\\\React\\\\ping\\\\functions\\\\node_modules\\\\firebase-functions\\\\lib\\\\index.js\"}"}}
[debug] [2021-06-17T07:36:44.525Z] [runtime-status] [12664] Outgoing network have been stubbed. [{"name":"http","status":"mocked"},{"name":"http","status":"mocked"},{"name":"https","status":"mocked"},{"name":"https","status":"mocked"},{"name":"net","status":"mocked"}] {"metadata":{"emulator":{"name":"functions"},"message":"[runtime-status] [12664] Outgoing network have been stubbed. [{\"name\":\"http\",\"status\":\"mocked\"},{\"name\":\"http\",\"status\":\"mocked\"},{\"name\":\"https\",\"status\":\"mocked\"},{\"name\":\"https\",\"status\":\"mocked\"},{\"name\":\"net\",\"status\":\"mocked\"}]"}}
[debug] [2021-06-17T07:36:44.525Z] [runtime-status] [12664] Resolved module firebase-functions {"declared":true,"installed":true,"version":"3.14.1","resolution":"C:\\Users\\Ryan\\Desktop\\Work\\Code\\React\\ping\\functions\\node_modules\\firebase-functions\\lib\\index.js"} {"metadata":{"emulator":{"name":"functions"},"message":"[runtime-status] [12664] Resolved module firebase-functions {\"declared\":true,\"installed\":true,\"version\":\"3.14.1\",\"resolution\":\"C:\\\\Users\\\\Ryan\\\\Desktop\\\\Work\\\\Code\\\\React\\\\ping\\\\functions\\\\node_modules\\\\firebase-functions\\\\lib\\\\index.js\"}"}}
[debug] [2021-06-17T07:36:44.557Z] [runtime-status] [12664] Checked functions.config() {"config":{}} {"metadata":{"emulator":{"name":"functions"},"message":"[runtime-status] [12664] Checked functions.config() {\"config\":{}}"}}
[debug] [2021-06-17T07:36:44.557Z] [runtime-status] [12664] firebase-functions has been stubbed. {"functionsResolution":{"declared":true,"installed":true,"version":"3.14.1","resolution":"C:\\Users\\Ryan\\Desktop\\Work\\Code\\React\\ping\\functions\\node_modules\\firebase-functions\\lib\\index.js"}} {"metadata":{"emulator":{"name":"functions"},"message":"[runtime-status] [12664] firebase-functions has been stubbed. {\"functionsResolution\":{\"declared\":true,\"installed\":true,\"version\":\"3.14.1\",\"resolution\":\"C:\\\\Users\\\\Ryan\\\\Desktop\\\\Work\\\\Code\\\\React\\\\ping\\\\functions\\\\node_modules\\\\firebase-functions\\\\lib\\\\index.js\"}}"}}
[debug] [2021-06-17T07:36:44.557Z] [runtime-status] [12664] Resolved module firebase-functions {"declared":true,"installed":true,"version":"3.14.1","resolution":"C:\\Users\\Ryan\\Desktop\\Work\\Code\\React\\ping\\functions\\node_modules\\firebase-functions\\lib\\index.js"} {"metadata":{"emulator":{"name":"functions"},"message":"[runtime-status] [12664] Resolved module firebase-functions {\"declared\":true,\"installed\":true,\"version\":\"3.14.1\",\"resolution\":\"C:\\\\Users\\\\Ryan\\\\Desktop\\\\Work\\\\Code\\\\React\\\\ping\\\\functions\\\\node_modules\\\\firebase-functions\\\\lib\\\\index.js\"}"}}
[debug] [2021-06-17T07:36:44.558Z] [runtime-status] [12664] Resolved module firebase-admin {"declared":true,"installed":true,"version":"9.9.0","resolution":"C:\\Users\\Ryan\\Desktop\\Work\\Code\\React\\ping\\functions\\node_modules\\firebase-admin\\lib\\index.js"} {"metadata":{"emulator":{"name":"functions"},"message":"[runtime-status] [12664] Resolved module firebase-admin {\"declared\":true,\"installed\":true,\"version\":\"9.9.0\",\"resolution\":\"C:\\\\Users\\\\Ryan\\\\Desktop\\\\Work\\\\Code\\\\React\\\\ping\\\\functions\\\\node_modules\\\\firebase-admin\\\\lib\\\\index.js\"}"}}
[debug] [2021-06-17T07:36:44.558Z] [runtime-status] [12664] Resolved module firebase-functions {"declared":true,"installed":true,"version":"3.14.1","resolution":"C:\\Users\\Ryan\\Desktop\\Work\\Code\\React\\ping\\functions\\node_modules\\firebase-functions\\lib\\index.js"} {"metadata":{"emulator":{"name":"functions"},"message":"[runtime-status] [12664] Resolved module firebase-functions {\"declared\":true,\"installed\":true,\"version\":\"3.14.1\",\"resolution\":\"C:\\\\Users\\\\Ryan\\\\Desktop\\\\Work\\\\Code\\\\React\\\\ping\\\\functions\\\\node_modules\\\\firebase-functions\\\\lib\\\\index.js\"}"}}
[debug] [2021-06-17T07:36:44.559Z] [runtime-status] [12664] firebase-admin has been stubbed. {"adminResolution":{"declared":true,"installed":true,"version":"9.9.0","resolution":"C:\\Users\\Ryan\\Desktop\\Work\\Code\\React\\ping\\functions\\node_modules\\firebase-admin\\lib\\index.js"}} {"metadata":{"emulator":{"name":"functions"},"message":"[runtime-status] [12664] firebase-admin has been stubbed. {\"adminResolution\":{\"declared\":true,\"installed\":true,\"version\":\"9.9.0\",\"resolution\":\"C:\\\\Users\\\\Ryan\\\\Desktop\\\\Work\\\\Code\\\\React\\\\ping\\\\functions\\\\node_modules\\\\firebase-admin\\\\lib\\\\index.js\"}}"}}
[warn] !  It looks like you're trying to access functions.config().firebase but there is no value there. You can learn more about setting up config here: https://firebase.google.com/docs/functions/local-emulator {"metadata":{"emulator":{"name":"functions"},"message":"It looks like you're trying to access functions.config().firebase but there is no value there. You can learn more about setting up config here: https://firebase.google.com/docs/functions/local-emulator"}}
[debug] [2021-06-17T07:36:44.560Z] [runtime-status] [12664] initializeApp(DEFAULT) {"storageBucket":"p-ng-b2da6.appspot.com","databaseURL":"https://p-ng-b2da6-default-rtdb.asia-southeast1.firebasedatabase.app","projectId":"p-ng-b2da6"} {"metadata":{"emulator":{"name":"functions"},"message":"[runtime-status] [12664] initializeApp(DEFAULT) {\"storageBucket\":\"p-ng-b2da6.appspot.com\",\"databaseURL\":\"https://p-ng-b2da6-default-rtdb.asia-southeast1.firebasedatabase.app\",\"projectId\":\"p-ng-b2da6\"}"}}
[debug] [2021-06-17T07:36:44.562Z] addFirestoreTrigger "{\"eventTrigger\":{\"resource\":\"projects/p-ng-b2da6/databases/(default)/documents/Channel/{ChannelIds}/Posts/{PostsId}\",\"eventType\":\"providers/cloud.firestore/eventTypes/document.create\",\"service\":\"firestore.googleapis.com\"}}"
[debug] [2021-06-17T07:36:44.563Z] >>> HTTP REQUEST PUT http://localhost:8080/emulator/v1/projects/p-ng-b2da6/triggers/us-central1-postNoti-0  
 {"eventTrigger":{"resource":"projects/p-ng-b2da6/databases/(default)/documents/Channel/{ChannelIds}/Posts/{PostsId}","eventType":"providers/cloud.firestore/eventTypes/document.create","service":"firestore.googleapis.com"}}
[debug] [2021-06-17T07:36:44.564Z] [worker-~diagnostic~-f3c2c02e-8987-413d-831e-4e86ffb1c9b2]: IDLE {"metadata":{"emulator":{"name":"functions"},"message":"[worker-~diagnostic~-f3c2c02e-8987-413d-831e-4e86ffb1c9b2]: IDLE"}}
[debug] [2021-06-17T07:36:44.569Z] Jun 17, 2021 3:36:44 PM io.gapi.emulators.netty.HttpVersionRoutingHandler channelRead
INFO: Detected non-HTTP/2 connection.
 {"metadata":{"emulator":{"name":"firestore"},"message":"Jun 17, 2021 3:36:44 PM io.gapi.emulators.netty.HttpVersionRoutingHandler channelRead\r\nINFO: Detected non-HTTP/2 connection.\r\n"}}
[debug] [2021-06-17T07:36:44.667Z] Jun 17, 2021 3:36:44 PM io.gapi.emulators.netty.HttpVersionRoutingHandler channelRead
INFO: Detected HTTP/2 connection.
 {"metadata":{"emulator":{"name":"firestore"},"message":"Jun 17, 2021 3:36:44 PM io.gapi.emulators.netty.HttpVersionRoutingHandler channelRead\r\nINFO: Detected HTTP/2 connection.\r\n"}}
[debug] [2021-06-17T07:36:44.992Z] <<< HTTP RESPONSE 200 {"content-type":"application/json","content-length":"4"}
[info] +  functions[us-central1-postNoti]: firestore function initialized. {"metadata":{"emulator":{"name":"functions"},"message":"\u001b[1mfirestore\u001b[22m function initialized."}}
[info] 
┌─────────────────────────────────────────────────────────────┐
│ ✔  All emulators ready! It is now safe to connect your app. │
│ i  View Emulator UI at http://localhost:4000                │
└─────────────────────────────────────────────────────────────┘

┌───────────┬────────────────┬─────────────────────────────────┐
│ Emulator  │ Host:Port      │ View in Emulator UI             │
├───────────┼────────────────┼─────────────────────────────────┤
│ Functions │ localhost:5001 │ http://localhost:4000/functions │
├───────────┼────────────────┼─────────────────────────────────┤
│ Firestore │ localhost:8080 │ http://localhost:4000/firestore │
└───────────┴────────────────┴─────────────────────────────────┘
  Emulator Hub running at localhost:4400
  Other reserved ports: 4500

Issues? Report them at https://github.com/firebase/firebase-tools/issues and attach the *-debug.log files.
 
